<?xml version="1.0" encoding="UTF-8"?>
<!-- Generated by org.testng.reporters.JUnitXMLReporter -->
<testsuite ignored="1" hostname="Storm_Rider" failures="0" tests="1" name="Default test" time="2.408" errors="0" timestamp="2024-10-29T15:37:15 IST">
  <testcase classname="sample.SampleReportTest" name="createWithOrganizationContact" time="2.384"/>
  <testcase classname="sample.SampleReportTest" name="createContact" time="0.0">
    <ignored/>
  </testcase> <!-- createContact -->
</testsuite> <!-- Default test -->
