<?xml version="1.0" encoding="UTF-8"?>
<!-- Generated by org.testng.reporters.JUnitXMLReporter -->
<testsuite ignored="0" hostname="Storm_Rider" failures="0" tests="2" name="Test" time="40.492" errors="0" timestamp="2024-10-29T17:53:08 IST">
  <testcase classname="com.crm.comcast.ContactTestNgTest.CreateContactTest" name="createContact" time="9.787"/>
  <testcase classname="com.crm.comcast.ContactTestNgTest.CreateContactTest" name="createContactWithDate" time="10.612"/>
</testsuite> <!-- Test -->
