<?xml version="1.0" encoding="UTF-8"?>
<testng-results ignored="0" total="2" passed="2" failed="0" skipped="0">
  <reporter-output>
  </reporter-output>
  <suite started-at="2024-10-29T17:52:28 IST" name="Suite" finished-at="2024-10-29T17:53:08 IST" duration-ms="40492">
    <groups>
      <group name="regressionTest">
        <method signature="CreateContactTest.createContactWithDate()[pri:0, instance:com.crm.comcast.ContactTestNgTest.CreateContactTest@1f97cf0d]" name="createContactWithDate" class="com.crm.comcast.ContactTestNgTest.CreateContactTest"/>
      </group> <!-- regressionTest -->
      <group name="smokeTest">
        <method signature="CreateContactTest.createContact()[pri:0, instance:com.crm.comcast.ContactTestNgTest.CreateContactTest@1f97cf0d]" name="createContact" class="com.crm.comcast.ContactTestNgTest.CreateContactTest"/>
      </group> <!-- smokeTest -->
    </groups>
    <test started-at="2024-10-29T17:52:28 IST" name="Test" finished-at="2024-10-29T17:53:08 IST" duration-ms="40492">
      <class name="com.crm.comcast.ContactTestNgTest.CreateContactTest">
        <test-method is-config="true" signature="configBeforeSuite()[pri:0, instance:com.crm.comcast.ContactTestNgTest.CreateContactTest@1f97cf0d]" started-at="2024-10-29T17:52:28 IST" name="configBeforeSuite" finished-at="2024-10-29T17:52:28 IST" duration-ms="7" status="PASS">
          <reporter-output>
          </reporter-output>
        </test-method> <!-- configBeforeSuite -->
        <test-method is-config="true" signature="configBeforeClass()[pri:0, instance:com.crm.comcast.ContactTestNgTest.CreateContactTest@1f97cf0d]" started-at="2024-10-29T17:52:28 IST" name="configBeforeClass" finished-at="2024-10-29T17:52:30 IST" duration-ms="2135" status="PASS">
          <reporter-output>
          </reporter-output>
        </test-method> <!-- configBeforeClass -->
        <test-method is-config="true" signature="configureBeforeMethod()[pri:0, instance:com.crm.comcast.ContactTestNgTest.CreateContactTest@1f97cf0d]" started-at="2024-10-29T17:52:30 IST" name="configureBeforeMethod" finished-at="2024-10-29T17:52:32 IST" duration-ms="2378" status="PASS">
          <reporter-output>
          </reporter-output>
        </test-method> <!-- configureBeforeMethod -->
        <test-method signature="createContact()[pri:0, instance:com.crm.comcast.ContactTestNgTest.CreateContactTest@1f97cf0d]" started-at="2024-10-29T17:52:32 IST" name="createContact" finished-at="2024-10-29T17:52:42 IST" duration-ms="9787" status="PASS">
          <reporter-output>
          </reporter-output>
        </test-method> <!-- createContact -->
        <test-method is-config="true" signature="configureAfterMethod()[pri:0, instance:com.crm.comcast.ContactTestNgTest.CreateContactTest@1f97cf0d]" started-at="2024-10-29T17:52:42 IST" name="configureAfterMethod" finished-at="2024-10-29T17:52:49 IST" duration-ms="6388" status="PASS">
          <reporter-output>
          </reporter-output>
        </test-method> <!-- configureAfterMethod -->
        <test-method is-config="true" signature="configureBeforeMethod()[pri:0, instance:com.crm.comcast.ContactTestNgTest.CreateContactTest@1f97cf0d]" started-at="2024-10-29T17:52:49 IST" name="configureBeforeMethod" finished-at="2024-10-29T17:52:51 IST" duration-ms="2297" status="PASS">
          <reporter-output>
          </reporter-output>
        </test-method> <!-- configureBeforeMethod -->
        <test-method signature="createContactWithDate()[pri:0, instance:com.crm.comcast.ContactTestNgTest.CreateContactTest@1f97cf0d]" started-at="2024-10-29T17:52:51 IST" name="createContactWithDate" finished-at="2024-10-29T17:53:02 IST" duration-ms="10612" status="PASS">
          <reporter-output>
          </reporter-output>
        </test-method> <!-- createContactWithDate -->
        <test-method is-config="true" signature="configureAfterMethod()[pri:0, instance:com.crm.comcast.ContactTestNgTest.CreateContactTest@1f97cf0d]" started-at="2024-10-29T17:53:02 IST" name="configureAfterMethod" finished-at="2024-10-29T17:53:08 IST" duration-ms="6612" status="PASS">
          <reporter-output>
          </reporter-output>
        </test-method> <!-- configureAfterMethod -->
        <test-method is-config="true" signature="configAfterClass()[pri:0, instance:com.crm.comcast.ContactTestNgTest.CreateContactTest@1f97cf0d]" started-at="2024-10-29T17:53:08 IST" name="configAfterClass" finished-at="2024-10-29T17:53:08 IST" duration-ms="243" status="PASS">
          <reporter-output>
          </reporter-output>
        </test-method> <!-- configAfterClass -->
        <test-method is-config="true" signature="configAfterSuite()[pri:0, instance:com.crm.comcast.ContactTestNgTest.CreateContactTest@1f97cf0d]" started-at="2024-10-29T17:53:08 IST" name="configAfterSuite" finished-at="2024-10-29T17:53:08 IST" duration-ms="0" status="PASS">
          <reporter-output>
          </reporter-output>
        </test-method> <!-- configAfterSuite -->
      </class> <!-- com.crm.comcast.ContactTestNgTest.CreateContactTest -->
    </test> <!-- Test -->
  </suite> <!-- Suite -->
</testng-results>
